<?xml version="1.0" encoding="UTF-8"?>
<!-- Generated by org.testng.reporters.JUnitReportReporter -->
<testsuite hostname="DESKTOP-CA4SFQ3" failures="0" tests="1" name="automatedbrowsermgmt.webdrivermanager.AutomatedBrowserManagementTest" time="6.925" errors="0" timestamp="2024-12-17T21:21:00 IST" skipped="0">
  <testcase classname="automatedbrowsermgmt.webdrivermanager.AutomatedBrowserManagementTest" name="Automated_Management_of_Browser_Driver" time="6.925"/>
</testsuite> <!-- automatedbrowsermgmt.webdrivermanager.AutomatedBrowserManagementTest -->
